<?xml version="1.0" encoding="UTF-8"?>
<testsuite name="com.example.mediremind.util.DoseMathTest" tests="4" skipped="0" failures="0" errors="0" timestamp="2026-09-23T17:42:40.974Z" hostname="LAPTOP-ARPM787O" time="0.01">
  <properties/>
  <testcase name="lunchRelativeDose_addsOffset" classname="com.example.mediremind.util.DoseMathTest" time="0.003"/>
  <testcase name="dayStartOf_tomorrow_isNextMidnight" classname="com.example.mediremind.util.DoseMathTest" time="0.001"/>
  <testcase name="beforeMealDose_subtractsOffset" classname="com.example.mediremind.util.DoseMathTest" time="0.0"/>
  <testcase name="fixedDose_isAtTheRightTime" classname="com.example.mediremind.util.DoseMathTest" time="0.0"/>
  <system-out><![CDATA[]]></system-out>
  <system-err><![CDATA[]]></system-err>
</testsuite>
